<?xml version="1.0" encoding="UTF-8"?>
<!-- Generated by org.testng.reporters.JUnitXMLReporter -->
<testsuite hostname="kuchi2" name="Test" tests="8" failures="0" timestamp="26 Mar 2016 08:15:38 GMT" time="746.212" errors="0">
  <testcase name="@BeforeMethod precondition" time="0.0" classname="testng.AdPostOtherService">
    <failure type="org.openqa.selenium.WebDriverException" message="this.getChromeWindowFromDocumentWindow(...) is undefined
Command duration or timeout: 80.32 seconds
Build info: version: &amp;apos;2.53.0&amp;apos;, revision: &amp;apos;35ae25b&amp;apos;, time: &amp;apos;2016-03-15 17:00:58&amp;apos;
System info: host: &amp;apos;kuchi2&amp;apos;, ip: &amp;apos;192.168.1.9&amp;apos;, os.name: &amp;apos;Windows 8.1&amp;apos;, os.arch: &amp;apos;amd64&amp;apos;, os.version: &amp;apos;6.3&amp;apos;, java.version: &amp;apos;1.7.0_55&amp;apos;
Session ID: 27ed940e-0d99-4595-a294-0fdb78ab9d6c
Driver info: org.openqa.selenium.firefox.FirefoxDriver
Capabilities [{platform=WINDOWS, acceptSslCerts=true, javascriptEnabled=true, cssSelectorsEnabled=true, databaseEnabled=true, browserName=firefox, handlesAlerts=true, nativeEvents=false, webStorageEnabled=true, rotatable=false, locationContextEnabled=true, applicationCacheEnabled=true, takesScreenshot=true, version=45.0.1}]">
      <![CDATA[org.openqa.selenium.WebDriverException: this.getChromeWindowFromDocumentWindow(...) is undefined
Command duration or timeout: 80.32 seconds
Build info: version: '2.53.0', revision: '35ae25b', time: '2016-03-15 17:00:58'
System info: host: 'kuchi2', ip: '192.168.1.9', os.name: 'Windows 8.1', os.arch: 'amd64', os.version: '6.3', java.version: '1.7.0_55'
Session ID: 27ed940e-0d99-4595-a294-0fdb78ab9d6c
Driver info: org.openqa.selenium.firefox.FirefoxDriver
Capabilities [{platform=WINDOWS, acceptSslCerts=true, javascriptEnabled=true, cssSelectorsEnabled=true, databaseEnabled=true, browserName=firefox, handlesAlerts=true, nativeEvents=false, webStorageEnabled=true, rotatable=false, locationContextEnabled=true, applicationCacheEnabled=true, takesScreenshot=true, version=45.0.1}]
	at org.openqa.selenium.remote.ErrorHandler.createThrowable(ErrorHandler.java:206)
	at org.openqa.selenium.remote.ErrorHandler.throwIfResponseFailed(ErrorHandler.java:158)
	at org.openqa.selenium.remote.RemoteWebDriver.execute(RemoteWebDriver.java:678)
	at org.openqa.selenium.remote.RemoteWebDriver$RemoteWebDriverOptions$RemoteWindow.maximize(RemoteWebDriver.java:945)
	at testng.BasePage.precondition(BasePage.java:19)
Caused by: org.openqa.selenium.WebDriverException: this.getChromeWindowFromDocumentWindow(...) is undefined
Build info: version: '2.53.0', revision: '35ae25b', time: '2016-03-15 17:00:58'
System info: host: 'kuchi2', ip: '192.168.1.9', os.name: 'Windows 8.1', os.arch: 'amd64', os.version: '6.3', java.version: '1.7.0_55'
Driver info: driver.version: unknown
	at <anonymous class>.FirefoxDriver.prototype.maximizeWindow(file:///C:/Users/sujata/AppData/Local/Temp/anonymous7019877763661398536webdriver-profile/extensions/fxdriver@googlecode.com/components/driver-component.js:11140)
	at <anonymous class>.DelayedCommand.prototype.executeInternal_/h(file:///C:/Users/sujata/AppData/Local/Temp/anonymous7019877763661398536webdriver-profile/extensions/fxdriver@googlecode.com/components/command-processor.js:12661)
	at <anonymous class>.fxdriver.Timer.prototype.setTimeout/<.notify(file:///C:/Users/sujata/AppData/Local/Temp/anonymous7019877763661398536webdriver-profile/extensions/fxdriver@googlecode.com/components/command-processor.js:625)
... Removed 30 stack frames]]>
    </failure>
  </testcase> <!-- @BeforeMethod precondition -->
  <testcase name="@AfterMethod postcondition" time="0.0" classname="testng.AdPostOtherService">
    <skipped/>
  </testcase> <!-- @AfterMethod postcondition -->
  <testcase name="@BeforeMethod precondition" time="0.0" classname="testng.AdPostLegalServices">
    <skipped/>
  </testcase> <!-- @BeforeMethod precondition -->
  <testcase name="@AfterMethod postcondition" time="0.0" classname="testng.AdPostLegalServices">
    <skipped/>
  </testcase> <!-- @AfterMethod postcondition -->
  <testcase name="@BeforeMethod precondition" time="0.0" classname="testng.AdPostHealthService">
    <skipped/>
  </testcase> <!-- @BeforeMethod precondition -->
  <testcase name="@AfterMethod postcondition" time="0.0" classname="testng.AdPostHealthService">
    <skipped/>
  </testcase> <!-- @AfterMethod postcondition -->
  <testcase name="@BeforeMethod precondition" time="0.0" classname="testng.AdPostEventService">
    <skipped/>
  </testcase> <!-- @BeforeMethod precondition -->
  <testcase name="@AfterMethod postcondition" time="0.0" classname="testng.AdPostEventService">
    <skipped/>
  </testcase> <!-- @AfterMethod postcondition -->
  <testcase name="@BeforeMethod precondition" time="0.0" classname="testng.AdPostClassesOtherClasses">
    <skipped/>
  </testcase> <!-- @BeforeMethod precondition -->
  <testcase name="@AfterMethod postcondition" time="0.0" classname="testng.AdPostClassesOtherClasses">
    <skipped/>
  </testcase> <!-- @AfterMethod postcondition -->
  <testcase name="@BeforeMethod precondition" time="0.0" classname="testng.AdPostAutomotiveServices">
    <skipped/>
  </testcase> <!-- @BeforeMethod precondition -->
  <testcase name="@AfterMethod postcondition" time="0.0" classname="testng.AdPostAutomotiveServices">
    <skipped/>
  </testcase> <!-- @AfterMethod postcondition -->
  <testcase name="testsuccessAdPost" time="211.47" classname="testng.SuccessfulAdPast"/>
  <testcase name="testAdComputerService" time="304.22" classname="testng.AdPostComputerService"/>
  <testcase name="testAdPostOtherService" time="0.001" classname="testng.AdPostOtherService">
    <skipped/>
  </testcase> <!-- testAdPostOtherService -->
  <testcase name="testAdPostLegalServices" time="0.002" classname="testng.AdPostLegalServices">
    <skipped/>
  </testcase> <!-- testAdPostLegalServices -->
  <testcase name="testAdPostHealthService" time="0.026" classname="testng.AdPostHealthService">
    <skipped/>
  </testcase> <!-- testAdPostHealthService -->
  <testcase name="testAdPostEventService" time="0.002" classname="testng.AdPostEventService">
    <skipped/>
  </testcase> <!-- testAdPostEventService -->
  <testcase name="testAdPostClassesOtherClasses" time="0.002" classname="testng.AdPostClassesOtherClasses">
    <skipped/>
  </testcase> <!-- testAdPostClassesOtherClasses -->
  <testcase name="testAdPostAutomotiveServices" time="0.001" classname="testng.AdPostAutomotiveServices">
    <skipped/>
  </testcase> <!-- testAdPostAutomotiveServices -->
</testsuite> <!-- Test -->
