<html>
<head>
<title>TestNG:  Test</title>
<link href="../testng.css" rel="stylesheet" type="text/css" />
<link href="../my-testng.css" rel="stylesheet" type="text/css" />

<style type="text/css">
.log { display: none;} 
.stack-trace { display: none;} 
</style>
<script type="text/javascript">
<!--
function flip(e) {
  current = e.style.display;
  if (current == 'block') {
    e.style.display = 'none';
    return 0;
  }
  else {
    e.style.display = 'block';
    return 1;
  }
}

function toggleBox(szDivId, elem, msg1, msg2)
{
  var res = -1;  if (document.getElementById) {
    res = flip(document.getElementById(szDivId));
  }
  else if (document.all) {
    // this is the way old msie versions work
    res = flip(document.all[szDivId]);
  }
  if(elem) {
    if(res == 0) elem.innerHTML = msg1; else elem.innerHTML = msg2;
  }

}

function toggleAllBoxes() {
  if (document.getElementsByTagName) {
    d = document.getElementsByTagName('div');
    for (i = 0; i < d.length; i++) {
      if (d[i].className == 'log') {
        flip(d[i]);
      }
    }
  }
}

// -->
</script>

</head>
<body>
<h2 align='center'>Test</h2><table border='1' align="center">
<tr>
<td>Tests passed/Failed/Skipped:</td><td>2/0/6</td>
</tr><tr>
<td>Started on:</td><td>Sat Mar 26 13:33:12 IST 2016</td>
</tr>
<tr><td>Total time:</td><td>746 seconds (746212 ms)</td>
</tr><tr>
<td>Included groups:</td><td></td>
</tr><tr>
<td>Excluded groups:</td><td></td>
</tr>
</table><p/>
<small><i>(Hover the method name to see the test class name)</i></small><p/>
<table width='100%' border='1' class='invocation-failed'>
<tr><td colspan='4' align='center'><b>FAILED CONFIGURATIONS</b></td></tr>
<tr><td><b>Test method</b></td>
<td width="30%"><b>Exception</b></td>
<td width="10%"><b>Time (seconds)</b></td>
<td><b>Instance</b></td>
</tr>
<tr>
<td title='testng.AdPostOtherService.precondition()'><b>precondition</b><br>Test class: testng.AdPostOtherService</td>
<td><div><pre>org.openqa.selenium.WebDriverException: this.getChromeWindowFromDocumentWindow(...) is undefined
Command duration or timeout: 80.32 seconds
Build info: version: &apos;2.53.0&apos;, revision: &apos;35ae25b&apos;, time: &apos;2016-03-15 17:00:58&apos;
System info: host: &apos;kuchi2&apos;, ip: &apos;192.168.1.9&apos;, os.name: &apos;Windows 8.1&apos;, os.arch: &apos;amd64&apos;, os.version: &apos;6.3&apos;, java.version: &apos;1.7.0_55&apos;
Session ID: 27ed940e-0d99-4595-a294-0fdb78ab9d6c
Driver info: org.openqa.selenium.firefox.FirefoxDriver
Capabilities [{platform=WINDOWS, acceptSslCerts=true, javascriptEnabled=true, cssSelectorsEnabled=true, databaseEnabled=true, browserName=firefox, handlesAlerts=true, nativeEvents=false, webStorageEnabled=true, rotatable=false, locationContextEnabled=true, applicationCacheEnabled=true, takesScreenshot=true, version=45.0.1}]
	at org.openqa.selenium.remote.ErrorHandler.createThrowable(ErrorHandler.java:206)
	at org.openqa.selenium.remote.ErrorHandler.throwIfResponseFailed(ErrorHandler.java:158)
	at org.openqa.selenium.remote.RemoteWebDriver.execute(RemoteWebDriver.java:678)
	at org.openqa.selenium.remote.RemoteWebDriver$RemoteWebDriverOptions$RemoteWindow.maximize(RemoteWebDriver.java:945)
	at testng.BasePage.precondition(BasePage.java:19)
Caused by: org.openqa.selenium.WebDriverException: this.getChromeWindowFromDocumentWindow(...) is undefined
Build info: version: &apos;2.53.0&apos;, revision: &apos;35ae25b&apos;, time: &apos;2016-03-15 17:00:58&apos;
System info: host: &apos;kuchi2&apos;, ip: &apos;192.168.1.9&apos;, os.name: &apos;Windows 8.1&apos;, os.arch: &apos;amd64&apos;, os.version: &apos;6.3&apos;, java.version: &apos;1.7.0_55&apos;
Driver info: driver.version: unknown
	at &lt;anonymous class&gt;.FirefoxDriver.prototype.maximizeWindow(file:///C:/Users/sujata/AppData/Local/Temp/anonymous7019877763661398536webdriver-profile/extensions/fxdriver@googlecode.com/components/driver-component.js:11140)
	at &lt;anonymous class&gt;.DelayedCommand.prototype.executeInternal_/h(file:///C:/Users/sujata/AppData/Local/Temp/anonymous7019877763661398536webdriver-profile/extensions/fxdriver@googlecode.com/components/command-processor.js:12661)
	at &lt;anonymous class&gt;.fxdriver.Timer.prototype.setTimeout/&lt;.notify(file:///C:/Users/sujata/AppData/Local/Temp/anonymous7019877763661398536webdriver-profile/extensions/fxdriver@googlecode.com/components/command-processor.js:625)
... Removed 30 stack frames</pre></div><a href='#' onClick='toggleBox("stack-trace957276189", this, "Click to show all stack frames", "Click to hide stack frames")'>Click to show all stack frames</a>
<div class='stack-trace' id='stack-trace957276189'><pre>org.openqa.selenium.WebDriverException: this.getChromeWindowFromDocumentWindow(...) is undefined
Command duration or timeout: 80.32 seconds
Build info: version: &apos;2.53.0&apos;, revision: &apos;35ae25b&apos;, time: &apos;2016-03-15 17:00:58&apos;
System info: host: &apos;kuchi2&apos;, ip: &apos;192.168.1.9&apos;, os.name: &apos;Windows 8.1&apos;, os.arch: &apos;amd64&apos;, os.version: &apos;6.3&apos;, java.version: &apos;1.7.0_55&apos;
Session ID: 27ed940e-0d99-4595-a294-0fdb78ab9d6c
Driver info: org.openqa.selenium.firefox.FirefoxDriver
Capabilities [{platform=WINDOWS, acceptSslCerts=true, javascriptEnabled=true, cssSelectorsEnabled=true, databaseEnabled=true, browserName=firefox, handlesAlerts=true, nativeEvents=false, webStorageEnabled=true, rotatable=false, locationContextEnabled=true, applicationCacheEnabled=true, takesScreenshot=true, version=45.0.1}]
	at sun.reflect.NativeConstructorAccessorImpl.newInstance0(Native Method)
	at sun.reflect.NativeConstructorAccessorImpl.newInstance(NativeConstructorAccessorImpl.java:57)
	at sun.reflect.DelegatingConstructorAccessorImpl.newInstance(DelegatingConstructorAccessorImpl.java:45)
	at java.lang.reflect.Constructor.newInstance(Constructor.java:526)
	at org.openqa.selenium.remote.ErrorHandler.createThrowable(ErrorHandler.java:206)
	at org.openqa.selenium.remote.ErrorHandler.throwIfResponseFailed(ErrorHandler.java:158)
	at org.openqa.selenium.remote.RemoteWebDriver.execute(RemoteWebDriver.java:678)
	at org.openqa.selenium.remote.RemoteWebDriver$RemoteWebDriverOptions$RemoteWindow.maximize(RemoteWebDriver.java:945)
	at testng.BasePage.precondition(BasePage.java:19)
	at sun.reflect.NativeMethodAccessorImpl.invoke0(Native Method)
	at sun.reflect.NativeMethodAccessorImpl.invoke(NativeMethodAccessorImpl.java:57)
	at sun.reflect.DelegatingMethodAccessorImpl.invoke(DelegatingMethodAccessorImpl.java:43)
	at java.lang.reflect.Method.invoke(Method.java:606)
	at org.testng.internal.MethodInvocationHelper.invokeMethod(MethodInvocationHelper.java:85)
	at org.testng.internal.Invoker.invokeConfigurationMethod(Invoker.java:510)
	at org.testng.internal.Invoker.invokeConfigurations(Invoker.java:211)
	at org.testng.internal.Invoker.invokeMethod(Invoker.java:585)
	at org.testng.internal.Invoker.invokeTestMethod(Invoker.java:816)
	at org.testng.internal.Invoker.invokeTestMethods(Invoker.java:1124)
	at org.testng.internal.TestMethodWorker.invokeTestMethods(TestMethodWorker.java:125)
	at org.testng.internal.TestMethodWorker.run(TestMethodWorker.java:108)
	at org.testng.TestRunner.privateRun(TestRunner.java:774)
	at org.testng.TestRunner.run(TestRunner.java:624)
	at org.testng.SuiteRunner.runTest(SuiteRunner.java:359)
	at org.testng.SuiteRunner.runSequentially(SuiteRunner.java:354)
	at org.testng.SuiteRunner.privateRun(SuiteRunner.java:312)
	at org.testng.SuiteRunner.run(SuiteRunner.java:261)
	at org.testng.SuiteRunnerWorker.runSuite(SuiteRunnerWorker.java:52)
	at org.testng.SuiteRunnerWorker.run(SuiteRunnerWorker.java:86)
	at org.testng.TestNG.runSuitesSequentially(TestNG.java:1215)
	at org.testng.TestNG.runSuitesLocally(TestNG.java:1140)
	at org.testng.TestNG.run(TestNG.java:1048)
	at org.testng.remote.RemoteTestNG.run(RemoteTestNG.java:112)
	at org.testng.remote.RemoteTestNG.initAndRun(RemoteTestNG.java:205)
	at org.testng.remote.RemoteTestNG.main(RemoteTestNG.java:176)
Caused by: org.openqa.selenium.WebDriverException: this.getChromeWindowFromDocumentWindow(...) is undefined
Build info: version: &apos;2.53.0&apos;, revision: &apos;35ae25b&apos;, time: &apos;2016-03-15 17:00:58&apos;
System info: host: &apos;kuchi2&apos;, ip: &apos;192.168.1.9&apos;, os.name: &apos;Windows 8.1&apos;, os.arch: &apos;amd64&apos;, os.version: &apos;6.3&apos;, java.version: &apos;1.7.0_55&apos;
Driver info: driver.version: unknown
	at &lt;anonymous class&gt;.FirefoxDriver.prototype.maximizeWindow(file:///C:/Users/sujata/AppData/Local/Temp/anonymous7019877763661398536webdriver-profile/extensions/fxdriver@googlecode.com/components/driver-component.js:11140)
	at &lt;anonymous class&gt;.DelayedCommand.prototype.executeInternal_/h(file:///C:/Users/sujata/AppData/Local/Temp/anonymous7019877763661398536webdriver-profile/extensions/fxdriver@googlecode.com/components/command-processor.js:12661)
	at &lt;anonymous class&gt;.fxdriver.Timer.prototype.setTimeout/&lt;.notify(file:///C:/Users/sujata/AppData/Local/Temp/anonymous7019877763661398536webdriver-profile/extensions/fxdriver@googlecode.com/components/command-processor.js:625)
</pre></div></td>
<td>0</td>
<td>testng.AdPostOtherService@1c148bd4</td></tr>
</table><p>
<table width='100%' border='1' class='invocation-skipped'>
<tr><td colspan='4' align='center'><b>SKIPPED CONFIGURATIONS</b></td></tr>
<tr><td><b>Test method</b></td>
<td width="30%"><b>Exception</b></td>
<td width="10%"><b>Time (seconds)</b></td>
<td><b>Instance</b></td>
</tr>
<tr>
<td title='testng.AdPostLegalServices.precondition()'><b>precondition</b><br>Test class: testng.AdPostLegalServices</td>
<td></td>
<td>0</td>
<td>testng.AdPostLegalServices@8e819b3</td></tr>
<tr>
<td title='testng.AdPostHealthService.precondition()'><b>precondition</b><br>Test class: testng.AdPostHealthService</td>
<td></td>
<td>0</td>
<td>testng.AdPostHealthService@3def3b56</td></tr>
<tr>
<td title='testng.AdPostEventService.precondition()'><b>precondition</b><br>Test class: testng.AdPostEventService</td>
<td></td>
<td>0</td>
<td>testng.AdPostEventService@2520aade</td></tr>
<tr>
<td title='testng.AdPostClassesOtherClasses.precondition()'><b>precondition</b><br>Test class: testng.AdPostClassesOtherClasses</td>
<td></td>
<td>0</td>
<td>testng.AdPostClassesOtherClasses@3b1e7dd</td></tr>
<tr>
<td title='testng.AdPostAutomotiveServices.precondition()'><b>precondition</b><br>Test class: testng.AdPostAutomotiveServices</td>
<td></td>
<td>0</td>
<td>testng.AdPostAutomotiveServices@14ed6010</td></tr>
<tr>
<td title='testng.AdPostOtherService.postcondition()'><b>postcondition</b><br>Test class: testng.AdPostOtherService</td>
<td></td>
<td>0</td>
<td>testng.AdPostOtherService@1c148bd4</td></tr>
<tr>
<td title='testng.AdPostLegalServices.postcondition()'><b>postcondition</b><br>Test class: testng.AdPostLegalServices</td>
<td></td>
<td>0</td>
<td>testng.AdPostLegalServices@8e819b3</td></tr>
<tr>
<td title='testng.AdPostHealthService.postcondition()'><b>postcondition</b><br>Test class: testng.AdPostHealthService</td>
<td></td>
<td>0</td>
<td>testng.AdPostHealthService@3def3b56</td></tr>
<tr>
<td title='testng.AdPostEventService.postcondition()'><b>postcondition</b><br>Test class: testng.AdPostEventService</td>
<td></td>
<td>0</td>
<td>testng.AdPostEventService@2520aade</td></tr>
<tr>
<td title='testng.AdPostClassesOtherClasses.postcondition()'><b>postcondition</b><br>Test class: testng.AdPostClassesOtherClasses</td>
<td></td>
<td>0</td>
<td>testng.AdPostClassesOtherClasses@3b1e7dd</td></tr>
<tr>
<td title='testng.AdPostAutomotiveServices.postcondition()'><b>postcondition</b><br>Test class: testng.AdPostAutomotiveServices</td>
<td></td>
<td>0</td>
<td>testng.AdPostAutomotiveServices@14ed6010</td></tr>
</table><p>
<table width='100%' border='1' class='invocation-passed'>
<tr><td colspan='4' align='center'><b>PASSED TESTS</b></td></tr>
<tr><td><b>Test method</b></td>
<td width="30%"><b>Exception</b></td>
<td width="10%"><b>Time (seconds)</b></td>
<td><b>Instance</b></td>
</tr>
<tr>
<td title='testng.AdPostComputerService.testAdComputerService()'><b>testAdComputerService</b><br>Test class: testng.AdPostComputerService</td>
<td></td>
<td>304</td>
<td>testng.AdPostComputerService@6bfd472</td></tr>
<tr>
<td title='testng.SuccessfulAdPast.testsuccessAdPost()'><b>testsuccessAdPost</b><br>Test class: testng.SuccessfulAdPast</td>
<td></td>
<td>211</td>
<td>testng.SuccessfulAdPast@7fd91c09</td></tr>
</table><p>
<table width='100%' border='1' class='invocation-skipped'>
<tr><td colspan='4' align='center'><b>SKIPPED TESTS</b></td></tr>
<tr><td><b>Test method</b></td>
<td width="30%"><b>Exception</b></td>
<td width="10%"><b>Time (seconds)</b></td>
<td><b>Instance</b></td>
</tr>
<tr>
<td title='testng.AdPostAutomotiveServices.testAdPostAutomotiveServices()'><b>testAdPostAutomotiveServices</b><br>Test class: testng.AdPostAutomotiveServices</td>
<td></td>
<td>0</td>
<td>testng.AdPostAutomotiveServices@14ed6010</td></tr>
<tr>
<td title='testng.AdPostClassesOtherClasses.testAdPostClassesOtherClasses()'><b>testAdPostClassesOtherClasses</b><br>Test class: testng.AdPostClassesOtherClasses</td>
<td></td>
<td>0</td>
<td>testng.AdPostClassesOtherClasses@3b1e7dd</td></tr>
<tr>
<td title='testng.AdPostEventService.testAdPostEventService()'><b>testAdPostEventService</b><br>Test class: testng.AdPostEventService</td>
<td></td>
<td>0</td>
<td>testng.AdPostEventService@2520aade</td></tr>
<tr>
<td title='testng.AdPostHealthService.testAdPostHealthService()'><b>testAdPostHealthService</b><br>Test class: testng.AdPostHealthService</td>
<td></td>
<td>0</td>
<td>testng.AdPostHealthService@3def3b56</td></tr>
<tr>
<td title='testng.AdPostLegalServices.testAdPostLegalServices()'><b>testAdPostLegalServices</b><br>Test class: testng.AdPostLegalServices</td>
<td></td>
<td>0</td>
<td>testng.AdPostLegalServices@8e819b3</td></tr>
<tr>
<td title='testng.AdPostOtherService.testAdPostOtherService()'><b>testAdPostOtherService</b><br>Test class: testng.AdPostOtherService</td>
<td></td>
<td>0</td>
<td>testng.AdPostOtherService@1c148bd4</td></tr>
</table><p>
</body>
</html>